<?xml version="1.0" ?>
<!DOCTYPE coverage
  SYSTEM 'http://cobertura.sourceforge.net/xml/coverage-03.dtd'>
<coverage branch-rate="0" line-rate="0.4" timestamp="1316456662338" version="3.5.1b1">
	<!-- Generated by coverage.py: http://nedbatchelder.com/code/coverage/3.5.1b1 -->
	<packages>
		<package branch-rate="0" complexity="0" line-rate="0.4" name="src.avrc">
			<classes>
				<class branch-rate="0" complexity="0" filename="src/avrc/__init__.py" line-rate="0.4" name="__init__">
					<methods/>
					<lines>
						<line hits="1" number="2"/>
						<line hits="1" number="3"/>
						<line hits="0" number="4"/>
						<line hits="0" number="5"/>
						<line hits="0" number="6"/>
					</lines>
				</class>
			</classes>
		</package>
		<package branch-rate="0" complexity="0" line-rate="0.4" name="src.avrc.theme">
			<classes>
				<class branch-rate="0" complexity="0" filename="src/avrc/theme/__init__.py" line-rate="0.4" name="__init__">
					<methods/>
					<lines>
						<line hits="1" number="2"/>
						<line hits="1" number="3"/>
						<line hits="0" number="4"/>
						<line hits="0" number="5"/>
						<line hits="0" number="6"/>
					</lines>
				</class>
			</classes>
		</package>
	</packages>
</coverage>
